<?xml version="1.0" encoding="UTF-8"?>
<testsuite xmlns:xsi="http://www.w3.org/2001/XMLSchema-instance" xsi:noNamespaceSchemaLocation="https://maven.apache.org/surefire/maven-surefire-plugin/xsd/surefire-test-report-3.0.xsd" version="3.0" name="com.greethy.mapper.MapperApplicationTests" time="2.679" tests="1" errors="0" skipped="0" failures="0">
  <properties>
    <property name="java.specification.version" value="20"/>
    <property name="sun.cpu.isalist" value="amd64"/>
    <property name="sun.jnu.encoding" value="Cp1252"/>
    <property name="java.class.path" value="C:\Users\ADMIN\OneDrive\Desktop\Master Dev\Java Backend\IntelliJ Workspace\greethy-backend\common\mapper\target\test-classes;C:\Users\ADMIN\OneDrive\Desktop\Master Dev\Java Backend\IntelliJ Workspace\greethy-backend\common\mapper\target\classes;C:\Users\ADMIN\.m2\repository\org\springframework\boot\spring-boot-starter\3.2.2\spring-boot-starter-3.2.2.jar;C:\Users\ADMIN\.m2\repository\org\springframework\boot\spring-boot\3.2.2\spring-boot-3.2.2.jar;C:\Users\ADMIN\.m2\repository\org\springframework\spring-context\6.1.3\spring-context-6.1.3.jar;C:\Users\ADMIN\.m2\repository\org\springframework\spring-aop\6.1.3\spring-aop-6.1.3.jar;C:\Users\ADMIN\.m2\repository\org\springframework\spring-beans\6.1.3\spring-beans-6.1.3.jar;C:\Users\ADMIN\.m2\repository\org\springframework\spring-expression\6.1.3\spring-expression-6.1.3.jar;C:\Users\ADMIN\.m2\repository\org\springframework\boot\spring-boot-autoconfigure\3.2.2\spring-boot-autoconfigure-3.2.2.jar;C:\Users\ADMIN\.m2\repository\org\springframework\boot\spring-boot-starter-logging\3.2.2\spring-boot-starter-logging-3.2.2.jar;C:\Users\ADMIN\.m2\repository\ch\qos\logback\logback-classic\1.4.14\logback-classic-1.4.14.jar;C:\Users\ADMIN\.m2\repository\ch\qos\logback\logback-core\1.4.14\logback-core-1.4.14.jar;C:\Users\ADMIN\.m2\repository\org\apache\logging\log4j\log4j-to-slf4j\2.21.1\log4j-to-slf4j-2.21.1.jar;C:\Users\ADMIN\.m2\repository\org\apache\logging\log4j\log4j-api\2.21.1\log4j-api-2.21.1.jar;C:\Users\ADMIN\.m2\repository\org\slf4j\jul-to-slf4j\2.0.11\jul-to-slf4j-2.0.11.jar;C:\Users\ADMIN\.m2\repository\jakarta\annotation\jakarta.annotation-api\2.1.1\jakarta.annotation-api-2.1.1.jar;C:\Users\ADMIN\.m2\repository\org\springframework\spring-core\6.1.3\spring-core-6.1.3.jar;C:\Users\ADMIN\.m2\repository\org\springframework\spring-jcl\6.1.3\spring-jcl-6.1.3.jar;C:\Users\ADMIN\.m2\repository\org\yaml\snakeyaml\2.2\snakeyaml-2.2.jar;C:\Users\ADMIN\.m2\repository\org\modelmapper\modelmapper\3.2.0\modelmapper-3.2.0.jar;C:\Users\ADMIN\.m2\repository\org\springframework\boot\spring-boot-starter-actuator\3.2.2\spring-boot-starter-actuator-3.2.2.jar;C:\Users\ADMIN\.m2\repository\org\springframework\boot\spring-boot-actuator-autoconfigure\3.2.2\spring-boot-actuator-autoconfigure-3.2.2.jar;C:\Users\ADMIN\.m2\repository\org\springframework\boot\spring-boot-actuator\3.2.2\spring-boot-actuator-3.2.2.jar;C:\Users\ADMIN\.m2\repository\com\fasterxml\jackson\core\jackson-databind\2.15.3\jackson-databind-2.15.3.jar;C:\Users\ADMIN\.m2\repository\com\fasterxml\jackson\core\jackson-annotations\2.15.3\jackson-annotations-2.15.3.jar;C:\Users\ADMIN\.m2\repository\com\fasterxml\jackson\core\jackson-core\2.15.3\jackson-core-2.15.3.jar;C:\Users\ADMIN\.m2\repository\com\fasterxml\jackson\datatype\jackson-datatype-jsr310\2.15.3\jackson-datatype-jsr310-2.15.3.jar;C:\Users\ADMIN\.m2\repository\io\micrometer\micrometer-observation\1.12.2\micrometer-observation-1.12.2.jar;C:\Users\ADMIN\.m2\repository\io\micrometer\micrometer-commons\1.12.2\micrometer-commons-1.12.2.jar;C:\Users\ADMIN\.m2\repository\io\micrometer\micrometer-jakarta9\1.12.2\micrometer-jakarta9-1.12.2.jar;C:\Users\ADMIN\.m2\repository\io\micrometer\micrometer-core\1.12.2\micrometer-core-1.12.2.jar;C:\Users\ADMIN\.m2\repository\org\hdrhistogram\HdrHistogram\2.1.12\HdrHistogram-2.1.12.jar;C:\Users\ADMIN\.m2\repository\org\latencyutils\LatencyUtils\2.0.3\LatencyUtils-2.0.3.jar;C:\Users\ADMIN\.m2\repository\org\projectlombok\lombok\1.18.30\lombok-1.18.30.jar;C:\Users\ADMIN\.m2\repository\org\springframework\boot\spring-boot-starter-test\3.2.2\spring-boot-starter-test-3.2.2.jar;C:\Users\ADMIN\.m2\repository\org\springframework\boot\spring-boot-test\3.2.2\spring-boot-test-3.2.2.jar;C:\Users\ADMIN\.m2\repository\org\springframework\boot\spring-boot-test-autoconfigure\3.2.2\spring-boot-test-autoconfigure-3.2.2.jar;C:\Users\ADMIN\.m2\repository\com\jayway\jsonpath\json-path\2.8.0\json-path-2.8.0.jar;C:\Users\ADMIN\.m2\repository\org\slf4j\slf4j-api\2.0.11\slf4j-api-2.0.11.jar;C:\Users\ADMIN\.m2\repository\jakarta\xml\bind\jakarta.xml.bind-api\4.0.1\jakarta.xml.bind-api-4.0.1.jar;C:\Users\ADMIN\.m2\repository\jakarta\activation\jakarta.activation-api\2.1.2\jakarta.activation-api-2.1.2.jar;C:\Users\ADMIN\.m2\repository\net\minidev\json-smart\2.5.0\json-smart-2.5.0.jar;C:\Users\ADMIN\.m2\repository\net\minidev\accessors-smart\2.5.0\accessors-smart-2.5.0.jar;C:\Users\ADMIN\.m2\repository\org\ow2\asm\asm\9.3\asm-9.3.jar;C:\Users\ADMIN\.m2\repository\org\assertj\assertj-core\3.24.2\assertj-core-3.24.2.jar;C:\Users\ADMIN\.m2\repository\net\bytebuddy\byte-buddy\1.14.11\byte-buddy-1.14.11.jar;C:\Users\ADMIN\.m2\repository\org\awaitility\awaitility\4.2.0\awaitility-4.2.0.jar;C:\Users\ADMIN\.m2\repository\org\hamcrest\hamcrest\2.2\hamcrest-2.2.jar;C:\Users\ADMIN\.m2\repository\org\junit\jupiter\junit-jupiter\5.10.1\junit-jupiter-5.10.1.jar;C:\Users\ADMIN\.m2\repository\org\junit\jupiter\junit-jupiter-api\5.10.1\junit-jupiter-api-5.10.1.jar;C:\Users\ADMIN\.m2\repository\org\opentest4j\opentest4j\1.3.0\opentest4j-1.3.0.jar;C:\Users\ADMIN\.m2\repository\org\junit\platform\junit-platform-commons\1.10.1\junit-platform-commons-1.10.1.jar;C:\Users\ADMIN\.m2\repository\org\apiguardian\apiguardian-api\1.1.2\apiguardian-api-1.1.2.jar;C:\Users\ADMIN\.m2\repository\org\junit\jupiter\junit-jupiter-params\5.10.1\junit-jupiter-params-5.10.1.jar;C:\Users\ADMIN\.m2\repository\org\junit\jupiter\junit-jupiter-engine\5.10.1\junit-jupiter-engine-5.10.1.jar;C:\Users\ADMIN\.m2\repository\org\junit\platform\junit-platform-engine\1.10.1\junit-platform-engine-1.10.1.jar;C:\Users\ADMIN\.m2\repository\org\mockito\mockito-core\5.7.0\mockito-core-5.7.0.jar;C:\Users\ADMIN\.m2\repository\net\bytebuddy\byte-buddy-agent\1.14.11\byte-buddy-agent-1.14.11.jar;C:\Users\ADMIN\.m2\repository\org\objenesis\objenesis\3.3\objenesis-3.3.jar;C:\Users\ADMIN\.m2\repository\org\mockito\mockito-junit-jupiter\5.7.0\mockito-junit-jupiter-5.7.0.jar;C:\Users\ADMIN\.m2\repository\org\skyscreamer\jsonassert\1.5.1\jsonassert-1.5.1.jar;C:\Users\ADMIN\.m2\repository\com\vaadin\external\google\android-json\0.0.20131108.vaadin1\android-json-0.0.20131108.vaadin1.jar;C:\Users\ADMIN\.m2\repository\org\springframework\spring-test\6.1.3\spring-test-6.1.3.jar;C:\Users\ADMIN\.m2\repository\org\xmlunit\xmlunit-core\2.9.1\xmlunit-core-2.9.1.jar;"/>
    <property name="java.vm.vendor" value="Oracle Corporation"/>
    <property name="sun.arch.data.model" value="64"/>
    <property name="user.variant" value=""/>
    <property name="java.vendor.url" value="https://java.oracle.com/"/>
    <property name="user.timezone" value="Asia/Bangkok"/>
    <property name="os.name" value="Windows 11"/>
    <property name="java.vm.specification.version" value="20"/>
    <property name="sun.java.launcher" value="SUN_STANDARD"/>
    <property name="user.country" value="US"/>
    <property name="sun.boot.library.path" value="C:\Program Files\Java\jdk-20\bin"/>
    <property name="sun.java.command" value="C:\Users\ADMIN\AppData\Local\Temp\surefire824215871478457996\surefirebooter-20240212112226507_15.jar C:\Users\ADMIN\AppData\Local\Temp\surefire824215871478457996 2024-02-12T11-21-42_803-jvmRun1 surefire-20240212112226507_13tmp surefire_3-20240212112226507_14tmp"/>
    <property name="jdk.debug" value="release"/>
    <property name="surefire.test.class.path" value="C:\Users\ADMIN\OneDrive\Desktop\Master Dev\Java Backend\IntelliJ Workspace\greethy-backend\common\mapper\target\test-classes;C:\Users\ADMIN\OneDrive\Desktop\Master Dev\Java Backend\IntelliJ Workspace\greethy-backend\common\mapper\target\classes;C:\Users\ADMIN\.m2\repository\org\springframework\boot\spring-boot-starter\3.2.2\spring-boot-starter-3.2.2.jar;C:\Users\ADMIN\.m2\repository\org\springframework\boot\spring-boot\3.2.2\spring-boot-3.2.2.jar;C:\Users\ADMIN\.m2\repository\org\springframework\spring-context\6.1.3\spring-context-6.1.3.jar;C:\Users\ADMIN\.m2\repository\org\springframework\spring-aop\6.1.3\spring-aop-6.1.3.jar;C:\Users\ADMIN\.m2\repository\org\springframework\spring-beans\6.1.3\spring-beans-6.1.3.jar;C:\Users\ADMIN\.m2\repository\org\springframework\spring-expression\6.1.3\spring-expression-6.1.3.jar;C:\Users\ADMIN\.m2\repository\org\springframework\boot\spring-boot-autoconfigure\3.2.2\spring-boot-autoconfigure-3.2.2.jar;C:\Users\ADMIN\.m2\repository\org\springframework\boot\spring-boot-starter-logging\3.2.2\spring-boot-starter-logging-3.2.2.jar;C:\Users\ADMIN\.m2\repository\ch\qos\logback\logback-classic\1.4.14\logback-classic-1.4.14.jar;C:\Users\ADMIN\.m2\repository\ch\qos\logback\logback-core\1.4.14\logback-core-1.4.14.jar;C:\Users\ADMIN\.m2\repository\org\apache\logging\log4j\log4j-to-slf4j\2.21.1\log4j-to-slf4j-2.21.1.jar;C:\Users\ADMIN\.m2\repository\org\apache\logging\log4j\log4j-api\2.21.1\log4j-api-2.21.1.jar;C:\Users\ADMIN\.m2\repository\org\slf4j\jul-to-slf4j\2.0.11\jul-to-slf4j-2.0.11.jar;C:\Users\ADMIN\.m2\repository\jakarta\annotation\jakarta.annotation-api\2.1.1\jakarta.annotation-api-2.1.1.jar;C:\Users\ADMIN\.m2\repository\org\springframework\spring-core\6.1.3\spring-core-6.1.3.jar;C:\Users\ADMIN\.m2\repository\org\springframework\spring-jcl\6.1.3\spring-jcl-6.1.3.jar;C:\Users\ADMIN\.m2\repository\org\yaml\snakeyaml\2.2\snakeyaml-2.2.jar;C:\Users\ADMIN\.m2\repository\org\modelmapper\modelmapper\3.2.0\modelmapper-3.2.0.jar;C:\Users\ADMIN\.m2\repository\org\springframework\boot\spring-boot-starter-actuator\3.2.2\spring-boot-starter-actuator-3.2.2.jar;C:\Users\ADMIN\.m2\repository\org\springframework\boot\spring-boot-actuator-autoconfigure\3.2.2\spring-boot-actuator-autoconfigure-3.2.2.jar;C:\Users\ADMIN\.m2\repository\org\springframework\boot\spring-boot-actuator\3.2.2\spring-boot-actuator-3.2.2.jar;C:\Users\ADMIN\.m2\repository\com\fasterxml\jackson\core\jackson-databind\2.15.3\jackson-databind-2.15.3.jar;C:\Users\ADMIN\.m2\repository\com\fasterxml\jackson\core\jackson-annotations\2.15.3\jackson-annotations-2.15.3.jar;C:\Users\ADMIN\.m2\repository\com\fasterxml\jackson\core\jackson-core\2.15.3\jackson-core-2.15.3.jar;C:\Users\ADMIN\.m2\repository\com\fasterxml\jackson\datatype\jackson-datatype-jsr310\2.15.3\jackson-datatype-jsr310-2.15.3.jar;C:\Users\ADMIN\.m2\repository\io\micrometer\micrometer-observation\1.12.2\micrometer-observation-1.12.2.jar;C:\Users\ADMIN\.m2\repository\io\micrometer\micrometer-commons\1.12.2\micrometer-commons-1.12.2.jar;C:\Users\ADMIN\.m2\repository\io\micrometer\micrometer-jakarta9\1.12.2\micrometer-jakarta9-1.12.2.jar;C:\Users\ADMIN\.m2\repository\io\micrometer\micrometer-core\1.12.2\micrometer-core-1.12.2.jar;C:\Users\ADMIN\.m2\repository\org\hdrhistogram\HdrHistogram\2.1.12\HdrHistogram-2.1.12.jar;C:\Users\ADMIN\.m2\repository\org\latencyutils\LatencyUtils\2.0.3\LatencyUtils-2.0.3.jar;C:\Users\ADMIN\.m2\repository\org\projectlombok\lombok\1.18.30\lombok-1.18.30.jar;C:\Users\ADMIN\.m2\repository\org\springframework\boot\spring-boot-starter-test\3.2.2\spring-boot-starter-test-3.2.2.jar;C:\Users\ADMIN\.m2\repository\org\springframework\boot\spring-boot-test\3.2.2\spring-boot-test-3.2.2.jar;C:\Users\ADMIN\.m2\repository\org\springframework\boot\spring-boot-test-autoconfigure\3.2.2\spring-boot-test-autoconfigure-3.2.2.jar;C:\Users\ADMIN\.m2\repository\com\jayway\jsonpath\json-path\2.8.0\json-path-2.8.0.jar;C:\Users\ADMIN\.m2\repository\org\slf4j\slf4j-api\2.0.11\slf4j-api-2.0.11.jar;C:\Users\ADMIN\.m2\repository\jakarta\xml\bind\jakarta.xml.bind-api\4.0.1\jakarta.xml.bind-api-4.0.1.jar;C:\Users\ADMIN\.m2\repository\jakarta\activation\jakarta.activation-api\2.1.2\jakarta.activation-api-2.1.2.jar;C:\Users\ADMIN\.m2\repository\net\minidev\json-smart\2.5.0\json-smart-2.5.0.jar;C:\Users\ADMIN\.m2\repository\net\minidev\accessors-smart\2.5.0\accessors-smart-2.5.0.jar;C:\Users\ADMIN\.m2\repository\org\ow2\asm\asm\9.3\asm-9.3.jar;C:\Users\ADMIN\.m2\repository\org\assertj\assertj-core\3.24.2\assertj-core-3.24.2.jar;C:\Users\ADMIN\.m2\repository\net\bytebuddy\byte-buddy\1.14.11\byte-buddy-1.14.11.jar;C:\Users\ADMIN\.m2\repository\org\awaitility\awaitility\4.2.0\awaitility-4.2.0.jar;C:\Users\ADMIN\.m2\repository\org\hamcrest\hamcrest\2.2\hamcrest-2.2.jar;C:\Users\ADMIN\.m2\repository\org\junit\jupiter\junit-jupiter\5.10.1\junit-jupiter-5.10.1.jar;C:\Users\ADMIN\.m2\repository\org\junit\jupiter\junit-jupiter-api\5.10.1\junit-jupiter-api-5.10.1.jar;C:\Users\ADMIN\.m2\repository\org\opentest4j\opentest4j\1.3.0\opentest4j-1.3.0.jar;C:\Users\ADMIN\.m2\repository\org\junit\platform\junit-platform-commons\1.10.1\junit-platform-commons-1.10.1.jar;C:\Users\ADMIN\.m2\repository\org\apiguardian\apiguardian-api\1.1.2\apiguardian-api-1.1.2.jar;C:\Users\ADMIN\.m2\repository\org\junit\jupiter\junit-jupiter-params\5.10.1\junit-jupiter-params-5.10.1.jar;C:\Users\ADMIN\.m2\repository\org\junit\jupiter\junit-jupiter-engine\5.10.1\junit-jupiter-engine-5.10.1.jar;C:\Users\ADMIN\.m2\repository\org\junit\platform\junit-platform-engine\1.10.1\junit-platform-engine-1.10.1.jar;C:\Users\ADMIN\.m2\repository\org\mockito\mockito-core\5.7.0\mockito-core-5.7.0.jar;C:\Users\ADMIN\.m2\repository\net\bytebuddy\byte-buddy-agent\1.14.11\byte-buddy-agent-1.14.11.jar;C:\Users\ADMIN\.m2\repository\org\objenesis\objenesis\3.3\objenesis-3.3.jar;C:\Users\ADMIN\.m2\repository\org\mockito\mockito-junit-jupiter\5.7.0\mockito-junit-jupiter-5.7.0.jar;C:\Users\ADMIN\.m2\repository\org\skyscreamer\jsonassert\1.5.1\jsonassert-1.5.1.jar;C:\Users\ADMIN\.m2\repository\com\vaadin\external\google\android-json\0.0.20131108.vaadin1\android-json-0.0.20131108.vaadin1.jar;C:\Users\ADMIN\.m2\repository\org\springframework\spring-test\6.1.3\spring-test-6.1.3.jar;C:\Users\ADMIN\.m2\repository\org\xmlunit\xmlunit-core\2.9.1\xmlunit-core-2.9.1.jar;"/>
    <property name="sun.cpu.endian" value="little"/>
    <property name="user.home" value="C:\Users\ADMIN"/>
    <property name="user.language" value="en"/>
    <property name="java.specification.vendor" value="Oracle Corporation"/>
    <property name="java.version.date" value="2023-03-21"/>
    <property name="java.home" value="C:\Program Files\Java\jdk-20"/>
    <property name="file.separator" value="\"/>
    <property name="basedir" value="C:\Users\ADMIN\OneDrive\Desktop\Master Dev\Java Backend\IntelliJ Workspace\greethy-backend\common\mapper"/>
    <property name="java.vm.compressedOopsMode" value="Zero based"/>
    <property name="line.separator" value="&#10;"/>
    <property name="java.vm.specification.vendor" value="Oracle Corporation"/>
    <property name="java.specification.name" value="Java Platform API Specification"/>
    <property name="FILE_LOG_CHARSET" value="UTF-8"/>
    <property name="java.awt.headless" value="true"/>
    <property name="surefire.real.class.path" value="C:\Users\ADMIN\AppData\Local\Temp\surefire824215871478457996\surefirebooter-20240212112226507_15.jar"/>
    <property name="user.script" value=""/>
    <property name="sun.management.compiler" value="HotSpot 64-Bit Tiered Compilers"/>
    <property name="java.runtime.version" value="20+36-2344"/>
    <property name="user.name" value="ADMIN"/>
    <property name="stdout.encoding" value="Cp1252"/>
    <property name="path.separator" value=";"/>
    <property name="os.version" value="10.0"/>
    <property name="java.runtime.name" value="OpenJDK Runtime Environment"/>
    <property name="file.encoding" value="UTF-8"/>
    <property name="java.vm.name" value="OpenJDK 64-Bit Server VM"/>
    <property name="localRepository" value="C:\Users\ADMIN\.m2\repository"/>
    <property name="java.vendor.url.bug" value="https://bugreport.java.com/bugreport/"/>
    <property name="java.io.tmpdir" value="C:\Users\ADMIN\AppData\Local\Temp\"/>
    <property name="java.version" value="20"/>
    <property name="user.dir" value="C:\Users\ADMIN\OneDrive\Desktop\Master Dev\Java Backend\IntelliJ Workspace\greethy-backend\common\mapper"/>
    <property name="os.arch" value="amd64"/>
    <property name="java.vm.specification.name" value="Java Virtual Machine Specification"/>
    <property name="PID" value="14664"/>
    <property name="sun.os.patch.level" value=""/>
    <property name="CONSOLE_LOG_CHARSET" value="UTF-8"/>
    <property name="native.encoding" value="Cp1252"/>
    <property name="java.library.path" value="C:\Program Files\Java\jdk-20\bin;C:\WINDOWS\Sun\Java\bin;C:\WINDOWS\system32;C:\WINDOWS;C:\Program Files (x86)\VMware\VMware Workstation\bin\;C:\Program Files\Python311\Scripts\;C:\Program Files\Python311\;C:\Program Files\Common Files\Oracle\Java\javapath;C:\Program Files (x86)\mingw-w64\i686-8.1.0-posix-dwarf-rt_v6-rev0\mingw32\bin;C:\Program Files (x86)\Common Files\Intel\Shared Libraries\redist\intel64\compiler;C:\Windows\system32;C:\Windows;C:\Windows\System32\Wbem;C:\Windows\System32\WindowsPowerShell\v1.0\;C:\Windows\System32\OpenSSH\;C:\Program Files (x86)\NVIDIA Corporation\PhysX\Common;C:\Program Files\NVIDIA Corporation\NVIDIA NvDLISR;C:\FFMPEG;C:\WINDOWS\system32;C:\WINDOWS;C:\WINDOWS\System32\Wbem;C:\WINDOWS\System32\WindowsPowerShell\v1.0\;C:\WINDOWS\System32\OpenSSH\;C:\Program Files\dotnet\;C:\Program Files\Microsoft SQL Server\Client SDK\ODBC\170\Tools\Binn\;C:\Program Files (x86)\Microsoft SQL Server\150\Tools\Binn\;C:\Program Files\Microsoft SQL Server\150\Tools\Binn\;C:\Program Files\Microsoft SQL Server\150\DTS\Binn\;C:\Program Files (x86)\Microsoft SQL Server\150\DTS\Binn\;C:\Program Files\Azure Data Studio\bin;C:\Program Files\Tomcat\apache-tomcat-9.0.64-windows-x64\bin;C:\Program Files\apache-maven-3.8.6\bin;C:\Program Files\Git\cmd;C:\Program Files\Java\jdk-20\bin;C:\Users\ADMIN\AppData\Roaming\Microsoft\Windows\Start Menu\Programs\Python 3.11;C:\Users\ADMIN\AppData\Roaming\nvm;C:\Program Files\nodejs;C:\Program Files\Python311;C:\Program Files\Docker\Docker\resources\bin;C:\Users\ADMIN\OneDrive\Desktop\Master Dev\Java Backend\HashiCorp Source\vault_1.15.1_windows_amd64;C:\Users\ADMIN\AppData\Local\Programs\Microsoft VS Code\bin;."/>
    <property name="java.vm.info" value="mixed mode, sharing"/>
    <property name="stderr.encoding" value="Cp1252"/>
    <property name="java.vendor" value="Oracle Corporation"/>
    <property name="java.vm.version" value="20+36-2344"/>
    <property name="sun.io.unicode.encoding" value="UnicodeLittle"/>
    <property name="java.class.version" value="64.0"/>
  </properties>
  <testcase name="contextLoads" classname="com.greethy.mapper.MapperApplicationTests" time="0.82">
    <system-out><![CDATA[11:22:27.221 [main] INFO org.springframework.test.context.support.AnnotationConfigContextLoaderUtils -- Could not detect default configuration classes for test class [com.greethy.mapper.MapperApplicationTests]: MapperApplicationTests does not declare any static, non-private, non-final, nested classes annotated with @Configuration.
11:22:27.340 [main] INFO org.springframework.boot.test.context.SpringBootTestContextBootstrapper -- Found @SpringBootConfiguration com.greethy.mapper.MapperApplication for test class com.greethy.mapper.MapperApplicationTests

  .   ____          _            __ _ _
 /\\ / ___'_ __ _ _(_)_ __  __ _ \ \ \ \
( ( )\___ | '_ | '_| | '_ \/ _` | \ \ \ \
 \\/  ___)| |_)| | | | | || (_| |  ) ) ) )
  '  |____| .__|_| |_|_| |_\__, | / / / /
 =========|_|==============|___/=/_/_/_/
 :: Spring Boot ::                (v3.2.2)

2024-02-12T11:22:27.761+07:00  INFO 14664 --- [           main] c.greethy.mapper.MapperApplicationTests  : Starting MapperApplicationTests using Java 20 with PID 14664 (started by ADMIN in C:\Users\ADMIN\OneDrive\Desktop\Master Dev\Java Backend\IntelliJ Workspace\greethy-backend\common\mapper)
2024-02-12T11:22:27.762+07:00  INFO 14664 --- [           main] c.greethy.mapper.MapperApplicationTests  : No active profile set, falling back to 1 default profile: "default"
2024-02-12T11:22:28.911+07:00  INFO 14664 --- [           main] c.greethy.mapper.MapperApplicationTests  : Started MapperApplicationTests in 1.426 seconds (process running for 2.348)
]]></system-out>
  </testcase>
</testsuite>